Using pre-set license
Built from '2021.3/staging' branch; Version is '2021.3.21f1 (1b156197d683) revision 1774945'; Using compiler version '192829333'; Build Type 'Release'
OS: 'Windows 11  (10.0.25309) 64bit Professional' Language: 'uk' Physical Memory: 16281 MB
BatchMode: 1, IsHumanControllingUs: 0, StartBugReporterOnCrash: 0, Is64bit: 1, IsPro: 1

COMMAND LINE ARGUMENTS:
D:\Unity\Editor\2021.3.21f1\Editor\Unity.exe
-adb2
-batchMode
-noUpm
-name
AssetImportWorker0
-projectPath
D:/ProgramingProjects/Game/2D_game_Unty-back-end
-logFile
Logs/AssetImportWorker0.log
-srvPort
54685
Successfully changed project path to: D:/ProgramingProjects/Game/2D_game_Unty-back-end
D:/ProgramingProjects/Game/2D_game_Unty-back-end
[UnityMemory] Configuration Parameters - Can be set up in boot.config
    "memorysetup-bucket-allocator-granularity=16"
    "memorysetup-bucket-allocator-bucket-count=8"
    "memorysetup-bucket-allocator-block-size=33554432"
    "memorysetup-bucket-allocator-block-count=8"
    "memorysetup-main-allocator-block-size=16777216"
    "memorysetup-thread-allocator-block-size=16777216"
    "memorysetup-gfx-main-allocator-block-size=16777216"
    "memorysetup-gfx-thread-allocator-block-size=16777216"
    "memorysetup-cache-allocator-block-size=4194304"
    "memorysetup-typetree-allocator-block-size=2097152"
    "memorysetup-profiler-bucket-allocator-granularity=16"
    "memorysetup-profiler-bucket-allocator-bucket-count=8"
    "memorysetup-profiler-bucket-allocator-block-size=33554432"
    "memorysetup-profiler-bucket-allocator-block-count=8"
    "memorysetup-profiler-allocator-block-size=16777216"
    "memorysetup-profiler-editor-allocator-block-size=1048576"
    "memorysetup-temp-allocator-size-main=16777216"
    "memorysetup-job-temp-allocator-block-size=2097152"
    "memorysetup-job-temp-allocator-block-size-background=1048576"
    "memorysetup-job-temp-allocator-reduction-small-platforms=262144"
    "memorysetup-temp-allocator-size-background-worker=32768"
    "memorysetup-temp-allocator-size-job-worker=262144"
    "memorysetup-temp-allocator-size-preload-manager=33554432"
    "memorysetup-temp-allocator-size-nav-mesh-worker=65536"
    "memorysetup-temp-allocator-size-audio-worker=65536"
    "memorysetup-temp-allocator-size-cloud-worker=32768"
    "memorysetup-temp-allocator-size-gi-baking-worker=262144"
    "memorysetup-temp-allocator-size-gfx=262144"
Player connection [14504] Host "[IP] 192.168.0.197 [Port] 0 [Flags] 2 [Guid] 3553677729 [EditorId] 3553677729 [Version] 1048832 [Id] WindowsEditor(7,DESKTOP-56PVT9U) [Debug] 1 [PackageName] WindowsEditor [ProjectName] Editor" joined multi-casting on [225.0.0.222:54997]...

Player connection [14504] Host "[IP] 192.168.0.197 [Port] 0 [Flags] 2 [Guid] 3553677729 [EditorId] 3553677729 [Version] 1048832 [Id] WindowsEditor(7,DESKTOP-56PVT9U) [Debug] 1 [PackageName] WindowsEditor [ProjectName] Editor" joined alternative multi-casting on [225.0.0.222:34997]...

Refreshing native plugins compatible for Editor in 90.95 ms, found 4 plugins.
Preloading 0 native plugins for Editor in 0.00 ms.
Initialize engine version: 2021.3.21f1 (1b156197d683)
[Subsystems] Discovering subsystems at path D:/Unity/Editor/2021.3.21f1/Editor/Data/Resources/UnitySubsystems
[Subsystems] Discovering subsystems at path D:/ProgramingProjects/Game/2D_game_Unty-back-end/Assets
GfxDevice: creating device client; threaded=0; jobified=0
Direct3D:
    Version:  Direct3D 11.0 [level 11.1]
    Renderer: NVIDIA GeForce GTX 1060 3GB (ID=0x1c02)
    Vendor:   NVIDIA
    VRAM:     2979 MB
    Driver:   31.0.15.3129
Initialize mono
Mono path[0] = 'D:/Unity/Editor/2021.3.21f1/Editor/Data/Managed'
Mono path[1] = 'D:/Unity/Editor/2021.3.21f1/Editor/Data/MonoBleedingEdge/lib/mono/unityjit-win32'
Mono config path = 'D:/Unity/Editor/2021.3.21f1/Editor/Data/MonoBleedingEdge/etc'
Using monoOptions --debugger-agent=transport=dt_socket,embedding=1,server=y,suspend=n,address=127.0.0.1:56328
Begin MonoManager ReloadAssembly
Registering precompiled unity dll's ...
Register platform support module: D:/Unity/Editor/2021.3.21f1/Editor/Data/PlaybackEngines/WebGLSupport/UnityEditor.WebGL.Extensions.dll
Register platform support module: D:/Unity/Editor/2021.3.21f1/Editor/Data/PlaybackEngines/WindowsStandaloneSupport/UnityEditor.WindowsStandalone.Extensions.dll
Registered in 0.003275 seconds.
Native extension for WindowsStandalone target not found
Native extension for WebGL target not found
Refreshing native plugins compatible for Editor in 96.03 ms, found 4 plugins.
Preloading 0 native plugins for Editor in 0.00 ms.
Mono: successfully reloaded assembly
- Completed reload, in  0.702 seconds
Domain Reload Profiling:
	ReloadAssembly (703ms)
		BeginReloadAssembly (85ms)
			ExecutionOrderSort (0ms)
			DisableScriptedObjects (0ms)
			BackupInstance (0ms)
			ReleaseScriptingObjects (0ms)
			CreateAndSetChildDomain (1ms)
		EndReloadAssembly (515ms)
			LoadAssemblies (84ms)
			RebuildTransferFunctionScriptingTraits (0ms)
			SetupTypeCache (121ms)
			ReleaseScriptCaches (0ms)
			RebuildScriptCaches (30ms)
			SetupLoadedEditorAssemblies (312ms)
				LogAssemblyErrors (0ms)
				InitializePlatformSupportModulesInManaged (8ms)
				SetLoadedEditorAssemblies (0ms)
				RefreshPlugins (96ms)
				BeforeProcessingInitializeOnLoad (2ms)
				ProcessInitializeOnLoadAttributes (152ms)
				ProcessInitializeOnLoadMethodAttributes (54ms)
				AfterProcessingInitializeOnLoad (0ms)
				EditorAssembliesLoaded (0ms)
			ExecutionOrderSort2 (0ms)
			AwakeInstancesAfterBackupRestoration (0ms)
Platform modules already initialized, skipping
Registering precompiled user dll's ...
Registered in 0.004684 seconds.
Begin MonoManager ReloadAssembly
Native extension for WindowsStandalone target not found
Native extension for WebGL target not found
Refreshing native plugins compatible for Editor in 99.53 ms, found 4 plugins.
Preloading 0 native plugins for Editor in 0.00 ms.
Mono: successfully reloaded assembly
- Completed reload, in  1.264 seconds
Domain Reload Profiling:
	ReloadAssembly (1265ms)
		BeginReloadAssembly (114ms)
			ExecutionOrderSort (0ms)
			DisableScriptedObjects (6ms)
			BackupInstance (0ms)
			ReleaseScriptingObjects (0ms)
			CreateAndSetChildDomain (20ms)
		EndReloadAssembly (1048ms)
			LoadAssemblies (90ms)
			RebuildTransferFunctionScriptingTraits (0ms)
			SetupTypeCache (262ms)
			ReleaseScriptCaches (1ms)
			RebuildScriptCaches (59ms)
			SetupLoadedEditorAssemblies (595ms)
				LogAssemblyErrors (0ms)
				InitializePlatformSupportModulesInManaged (5ms)
				SetLoadedEditorAssemblies (0ms)
				RefreshPlugins (100ms)
				BeforeProcessingInitializeOnLoad (110ms)
				ProcessInitializeOnLoadAttributes (324ms)
				ProcessInitializeOnLoadMethodAttributes (53ms)
				AfterProcessingInitializeOnLoad (4ms)
				EditorAssembliesLoaded (0ms)
			ExecutionOrderSort2 (0ms)
			AwakeInstancesAfterBackupRestoration (12ms)
Platform modules already initialized, skipping
========================================================================
Worker process is ready to serve import requests
Launched and connected shader compiler UnityShaderCompiler.exe after 0.07 seconds
Refreshing native plugins compatible for Editor in 1.05 ms, found 4 plugins.
Preloading 0 native plugins for Editor in 0.00 ms.
Unloading 3736 Unused Serialized files (Serialized files now loaded: 0)
Unloading 35 unused Assets / (56.4 KB). Loaded Objects now: 4196.
Memory consumption went from 142.6 MB to 142.6 MB.
Total: 5.588900 ms (FindLiveObjects: 0.449400 ms CreateObjectMapping: 0.729600 ms MarkObjects: 4.296400 ms  DeleteObjects: 0.112400 ms)

AssetImportParameters requested are different than current active one (requested -> active):
  custom:video-decoder-ogg-theora: a1e56fd34408186e4bbccfd4996cb3dc -> 
  custom:container-muxer-webm: aa71ff27fc2769a1b78a27578f13a17b -> 
  custom:container-demuxer-webm: 4f35f7cbe854078d1ac9338744f61a02 -> 
  custom:video-encoder-webm-vp8: eb34c28f22e8b96e1ab97ce403110664 -> 
  custom:audio-encoder-webm-vorbis: bf7c407c2cedff20999df2af8eb42d56 -> 
  custom:framework-win-MediaFoundation: 216162199b28c13a410421893ffa2e32 -> 
  custom:container-demuxer-ogg: 62fdf1f143b41e24485cea50d1cbac27 -> 
  custom:video-decoder-webm-vp8: 9c59270c3fd7afecdb556c50c9e8de78 -> 
  custom:audio-decoder-ogg-vorbis: bf7c407c2cedff20999df2af8eb42d56 -> 
========================================================================
Received Import Request.
  Time since last request: 13881.751845 seconds.
  path: Assets
  artifactKey: Guid(00000000000000001000000000000000) Importer(815301076,1909f56bfc062723c751e8b465ee728b)
Start importing Assets using Guid(00000000000000001000000000000000) Importer(815301076,1909f56bfc062723c751e8b465ee728b)  -> (artifact id: '79842766b460edbeab6a34051e857a80') in 0.012472 seconds 
========================================================================
Received Import Request.
  Time since last request: 13.892656 seconds.
  path: Assets/DataBaseScripts
  artifactKey: Guid(895c707ebf9714a4f8b6c89c558d7023) Importer(815301076,1909f56bfc062723c751e8b465ee728b)
Start importing Assets/DataBaseScripts using Guid(895c707ebf9714a4f8b6c89c558d7023) Importer(815301076,1909f56bfc062723c751e8b465ee728b)  -> (artifact id: '7815ca88b1036e1584e8ea0eb2c83400') in 0.006138 seconds 
========================================================================
Received Import Request.
  Time since last request: 26.451611 seconds.
  path: Assets/DataBaseScripts/NewBehaviourScript.cs
  artifactKey: Guid(e9c8dea8eccbb2942a381f9cbe4b4b57) Importer(815301076,1909f56bfc062723c751e8b465ee728b)
Start importing Assets/DataBaseScripts/NewBehaviourScript.cs using Guid(e9c8dea8eccbb2942a381f9cbe4b4b57) Importer(815301076,1909f56bfc062723c751e8b465ee728b)  -> (artifact id: '17b07a1e80306522c7e97b929f7b0e19') in 0.056897 seconds 
========================================================================
Received Prepare
Registering precompiled user dll's ...
Registered in 0.004063 seconds.
Begin MonoManager ReloadAssembly
Native extension for WindowsStandalone target not found
Native extension for WebGL target not found
Refreshing native plugins compatible for Editor in 0.97 ms, found 4 plugins.
Preloading 0 native plugins for Editor in 0.00 ms.
Mono: successfully reloaded assembly
- Completed reload, in  1.063 seconds
Domain Reload Profiling:
	ReloadAssembly (1063ms)
		BeginReloadAssembly (172ms)
			ExecutionOrderSort (0ms)
			DisableScriptedObjects (8ms)
			BackupInstance (0ms)
			ReleaseScriptingObjects (0ms)
			CreateAndSetChildDomain (38ms)
		EndReloadAssembly (774ms)
			LoadAssemblies (123ms)
			RebuildTransferFunctionScriptingTraits (0ms)
			SetupTypeCache (256ms)
			ReleaseScriptCaches (1ms)
			RebuildScriptCaches (44ms)
			SetupLoadedEditorAssemblies (338ms)
				LogAssemblyErrors (0ms)
				InitializePlatformSupportModulesInManaged (7ms)
				SetLoadedEditorAssemblies (1ms)
				RefreshPlugins (1ms)
				BeforeProcessingInitializeOnLoad (68ms)
				ProcessInitializeOnLoadAttributes (217ms)
				ProcessInitializeOnLoadMethodAttributes (40ms)
				AfterProcessingInitializeOnLoad (4ms)
				EditorAssembliesLoaded (0ms)
			ExecutionOrderSort2 (0ms)
			AwakeInstancesAfterBackupRestoration (12ms)
Platform modules already initialized, skipping
Refreshing native plugins compatible for Editor in 1.72 ms, found 4 plugins.
Preloading 0 native plugins for Editor in 0.00 ms.
Unloading 3726 Unused Serialized files (Serialized files now loaded: 0)
Unloading 22 unused Assets / (24.7 KB). Loaded Objects now: 4200.
Memory consumption went from 141.6 MB to 141.5 MB.
Total: 3.490800 ms (FindLiveObjects: 0.255600 ms CreateObjectMapping: 0.216200 ms MarkObjects: 2.988500 ms  DeleteObjects: 0.029000 ms)

AssetImportParameters requested are different than current active one (requested -> active):
  custom:video-decoder-ogg-theora: a1e56fd34408186e4bbccfd4996cb3dc -> 
  custom:container-muxer-webm: aa71ff27fc2769a1b78a27578f13a17b -> 
  custom:container-demuxer-webm: 4f35f7cbe854078d1ac9338744f61a02 -> 
  custom:video-encoder-webm-vp8: eb34c28f22e8b96e1ab97ce403110664 -> 
  custom:audio-encoder-webm-vorbis: bf7c407c2cedff20999df2af8eb42d56 -> 
  custom:framework-win-MediaFoundation: 216162199b28c13a410421893ffa2e32 -> 
  custom:container-demuxer-ogg: 62fdf1f143b41e24485cea50d1cbac27 -> 
  custom:video-decoder-webm-vp8: 9c59270c3fd7afecdb556c50c9e8de78 -> 
  custom:audio-decoder-ogg-vorbis: bf7c407c2cedff20999df2af8eb42d56 -> 
========================================================================
Received Import Request.
  Time since last request: 62.936127 seconds.
  path: Assets/DataBaseScripts/InsertName.cs
  artifactKey: Guid(e9c8dea8eccbb2942a381f9cbe4b4b57) Importer(815301076,1909f56bfc062723c751e8b465ee728b)
Start importing Assets/DataBaseScripts/InsertName.cs using Guid(e9c8dea8eccbb2942a381f9cbe4b4b57) Importer(815301076,1909f56bfc062723c751e8b465ee728b)  -> (artifact id: '6bd534c898de233bfe88d66e0f4c11a0') in 0.014947 seconds 
========================================================================
Received Prepare
Registering precompiled user dll's ...
Registered in 0.004361 seconds.
Begin MonoManager ReloadAssembly
Native extension for WindowsStandalone target not found
Native extension for WebGL target not found
Refreshing native plugins compatible for Editor in 0.66 ms, found 4 plugins.
Preloading 0 native plugins for Editor in 0.00 ms.
Mono: successfully reloaded assembly
- Completed reload, in  1.023 seconds
Domain Reload Profiling:
	ReloadAssembly (1023ms)
		BeginReloadAssembly (149ms)
			ExecutionOrderSort (0ms)
			DisableScriptedObjects (9ms)
			BackupInstance (0ms)
			ReleaseScriptingObjects (0ms)
			CreateAndSetChildDomain (42ms)
		EndReloadAssembly (771ms)
			LoadAssemblies (99ms)
			RebuildTransferFunctionScriptingTraits (0ms)
			SetupTypeCache (258ms)
			ReleaseScriptCaches (1ms)
			RebuildScriptCaches (54ms)
			SetupLoadedEditorAssemblies (314ms)
				LogAssemblyErrors (0ms)
				InitializePlatformSupportModulesInManaged (5ms)
				SetLoadedEditorAssemblies (0ms)
				RefreshPlugins (1ms)
				BeforeProcessingInitializeOnLoad (63ms)
				ProcessInitializeOnLoadAttributes (210ms)
				ProcessInitializeOnLoadMethodAttributes (32ms)
				AfterProcessingInitializeOnLoad (2ms)
				EditorAssembliesLoaded (0ms)
			ExecutionOrderSort2 (0ms)
			AwakeInstancesAfterBackupRestoration (10ms)
Platform modules already initialized, skipping
Refreshing native plugins compatible for Editor in 1.80 ms, found 4 plugins.
Preloading 0 native plugins for Editor in 0.00 ms.
Unloading 3726 Unused Serialized files (Serialized files now loaded: 0)
Unloading 22 unused Assets / (24.7 KB). Loaded Objects now: 4203.
Memory consumption went from 141.6 MB to 141.5 MB.
Total: 2.803100 ms (FindLiveObjects: 0.257500 ms CreateObjectMapping: 0.177800 ms MarkObjects: 2.337800 ms  DeleteObjects: 0.029100 ms)

AssetImportParameters requested are different than current active one (requested -> active):
  custom:video-decoder-ogg-theora: a1e56fd34408186e4bbccfd4996cb3dc -> 
  custom:container-muxer-webm: aa71ff27fc2769a1b78a27578f13a17b -> 
  custom:container-demuxer-webm: 4f35f7cbe854078d1ac9338744f61a02 -> 
  custom:video-encoder-webm-vp8: eb34c28f22e8b96e1ab97ce403110664 -> 
  custom:audio-encoder-webm-vorbis: bf7c407c2cedff20999df2af8eb42d56 -> 
  custom:framework-win-MediaFoundation: 216162199b28c13a410421893ffa2e32 -> 
  custom:container-demuxer-ogg: 62fdf1f143b41e24485cea50d1cbac27 -> 
  custom:video-decoder-webm-vp8: 9c59270c3fd7afecdb556c50c9e8de78 -> 
  custom:audio-decoder-ogg-vorbis: bf7c407c2cedff20999df2af8eb42d56 -> 
========================================================================
Received Import Request.
  Time since last request: 249.617046 seconds.
  path: Assets/DataBaseScripts/InsertName.cs
  artifactKey: Guid(e9c8dea8eccbb2942a381f9cbe4b4b57) Importer(815301076,1909f56bfc062723c751e8b465ee728b)
Start importing Assets/DataBaseScripts/InsertName.cs using Guid(e9c8dea8eccbb2942a381f9cbe4b4b57) Importer(815301076,1909f56bfc062723c751e8b465ee728b)  -> (artifact id: 'f6893e81c2efe6e58ea2ca9f832a504e') in 0.008678 seconds 
========================================================================
Received Import Request.
  Time since last request: 27.988514 seconds.
  path: Assets/DataBaseScripts/GetCharacter.cs
  artifactKey: Guid(4c69a1371b83c4449b32c4dae359148e) Importer(815301076,1909f56bfc062723c751e8b465ee728b)
Start importing Assets/DataBaseScripts/GetCharacter.cs using Guid(4c69a1371b83c4449b32c4dae359148e) Importer(815301076,1909f56bfc062723c751e8b465ee728b)  -> (artifact id: '3f5c7c85184241f369c912d9d8a95def') in 0.006112 seconds 
========================================================================
Received Import Request.
  Time since last request: 591.280099 seconds.
  path: Assets/DataBaseScripts/GetCharacter.cs
  artifactKey: Guid(4c69a1371b83c4449b32c4dae359148e) Importer(815301076,1909f56bfc062723c751e8b465ee728b)
Start importing Assets/DataBaseScripts/GetCharacter.cs using Guid(4c69a1371b83c4449b32c4dae359148e) Importer(815301076,1909f56bfc062723c751e8b465ee728b)  -> (artifact id: '91b4f856464a2458941d262fe568e8a2') in 0.002440 seconds 
========================================================================
Received Import Request.
  Time since last request: 180.184541 seconds.
  path: Assets/DataBaseScripts/InsertName.cs
  artifactKey: Guid(e9c8dea8eccbb2942a381f9cbe4b4b57) Importer(815301076,1909f56bfc062723c751e8b465ee728b)
Start importing Assets/DataBaseScripts/InsertName.cs using Guid(e9c8dea8eccbb2942a381f9cbe4b4b57) Importer(815301076,1909f56bfc062723c751e8b465ee728b)  -> (artifact id: '14458ba6d69db0a76542d9ef0573c384') in 0.006602 seconds 
========================================================================
Received Import Request.
  Time since last request: 1.236968 seconds.
  path: Assets/DataBaseScripts/GetCharacter.cs
  artifactKey: Guid(4c69a1371b83c4449b32c4dae359148e) Importer(815301076,1909f56bfc062723c751e8b465ee728b)
Start importing Assets/DataBaseScripts/GetCharacter.cs using Guid(4c69a1371b83c4449b32c4dae359148e) Importer(815301076,1909f56bfc062723c751e8b465ee728b)  -> (artifact id: '3a216d8ff58b351f7b692cb737ed92c7') in 0.001405 seconds 
========================================================================
Received Import Request.
  Time since last request: 599.111743 seconds.
  path: Assets/DataBaseScripts/GetCharacter.cs
  artifactKey: Guid(4c69a1371b83c4449b32c4dae359148e) Importer(815301076,1909f56bfc062723c751e8b465ee728b)
Start importing Assets/DataBaseScripts/GetCharacter.cs using Guid(4c69a1371b83c4449b32c4dae359148e) Importer(815301076,1909f56bfc062723c751e8b465ee728b)  -> (artifact id: '503b08ea12cc679456136d32eeda48c6') in 0.007320 seconds 
========================================================================
Received Import Request.
  Time since last request: 469.503807 seconds.
  path: Assets/DataBaseScripts/GetCharacter.cs
  artifactKey: Guid(4c69a1371b83c4449b32c4dae359148e) Importer(815301076,1909f56bfc062723c751e8b465ee728b)
Start importing Assets/DataBaseScripts/GetCharacter.cs using Guid(4c69a1371b83c4449b32c4dae359148e) Importer(815301076,1909f56bfc062723c751e8b465ee728b)  -> (artifact id: '4121048d3f0517d22d41a1589ba82df3') in 0.002360 seconds 
========================================================================
Received Import Request.
  Time since last request: 2766.409710 seconds.
  path: Assets/MySqlConnector.dll
  artifactKey: Guid(5a59be7cab24b3e4e96b6fad0f303cb1) Importer(815301076,1909f56bfc062723c751e8b465ee728b)
Start importing Assets/MySqlConnector.dll using Guid(5a59be7cab24b3e4e96b6fad0f303cb1) Importer(815301076,1909f56bfc062723c751e8b465ee728b)  -> (artifact id: '3f4d6ec28d209e1031dfefc134d67fe1') in 0.017752 seconds 
========================================================================
Received Import Request.
  Time since last request: 521.541131 seconds.
  path: Assets/Menu.unity
  artifactKey: Guid(53fb660ed9de73c4d89821ac71d43d49) Importer(815301076,1909f56bfc062723c751e8b465ee728b)
Start importing Assets/Menu.unity using Guid(53fb660ed9de73c4d89821ac71d43d49) Importer(815301076,1909f56bfc062723c751e8b465ee728b)  -> (artifact id: 'abd9b30adcd29d37df53e2fd9e8d4993') in 0.006732 seconds 
========================================================================
Received Import Request.
  Time since last request: 151.996210 seconds.
  path: Assets/Plugins
  artifactKey: Guid(5474ff14ab15ed64b94ff25e8aad9319) Importer(815301076,1909f56bfc062723c751e8b465ee728b)
Start importing Assets/Plugins using Guid(5474ff14ab15ed64b94ff25e8aad9319) Importer(815301076,1909f56bfc062723c751e8b465ee728b)  -> (artifact id: '1e608cb502294bd535a977f18d1aae6c') in 0.006584 seconds 
========================================================================
Received Prepare
Registering precompiled user dll's ...
Registered in 0.007340 seconds.
Begin MonoManager ReloadAssembly
Native extension for WindowsStandalone target not found
Native extension for WebGL target not found
Refreshing native plugins compatible for Editor in 0.65 ms, found 4 plugins.
Preloading 0 native plugins for Editor in 0.00 ms.
Mono: successfully reloaded assembly
- Completed reload, in  1.212 seconds
Domain Reload Profiling:
	ReloadAssembly (1214ms)
		BeginReloadAssembly (226ms)
			ExecutionOrderSort (0ms)
			DisableScriptedObjects (42ms)
			BackupInstance (0ms)
			ReleaseScriptingObjects (0ms)
			CreateAndSetChildDomain (72ms)
		EndReloadAssembly (877ms)
			LoadAssemblies (111ms)
			RebuildTransferFunctionScriptingTraits (0ms)
			SetupTypeCache (303ms)
			ReleaseScriptCaches (2ms)
			RebuildScriptCaches (55ms)
			SetupLoadedEditorAssemblies (368ms)
				LogAssemblyErrors (0ms)
				InitializePlatformSupportModulesInManaged (6ms)
				SetLoadedEditorAssemblies (1ms)
				RefreshPlugins (1ms)
				BeforeProcessingInitializeOnLoad (72ms)
				ProcessInitializeOnLoadAttributes (247ms)
				ProcessInitializeOnLoadMethodAttributes (40ms)
				AfterProcessingInitializeOnLoad (2ms)
				EditorAssembliesLoaded (0ms)
			ExecutionOrderSort2 (0ms)
			AwakeInstancesAfterBackupRestoration (14ms)
Platform modules already initialized, skipping
Refreshing native plugins compatible for Editor in 1.83 ms, found 4 plugins.
Preloading 0 native plugins for Editor in 0.00 ms.
Unloading 3728 Unused Serialized files (Serialized files now loaded: 0)
Unloading 23 unused Assets / (24.6 KB). Loaded Objects now: 4207.
Memory consumption went from 141.6 MB to 141.6 MB.
Total: 3.893100 ms (FindLiveObjects: 0.342200 ms CreateObjectMapping: 0.273700 ms MarkObjects: 3.224300 ms  DeleteObjects: 0.051900 ms)

AssetImportParameters requested are different than current active one (requested -> active):
  custom:video-decoder-ogg-theora: a1e56fd34408186e4bbccfd4996cb3dc -> 
  custom:container-muxer-webm: aa71ff27fc2769a1b78a27578f13a17b -> 
  custom:container-demuxer-webm: 4f35f7cbe854078d1ac9338744f61a02 -> 
  custom:video-encoder-webm-vp8: eb34c28f22e8b96e1ab97ce403110664 -> 
  custom:audio-encoder-webm-vorbis: bf7c407c2cedff20999df2af8eb42d56 -> 
  custom:framework-win-MediaFoundation: 216162199b28c13a410421893ffa2e32 -> 
  custom:container-demuxer-ogg: 62fdf1f143b41e24485cea50d1cbac27 -> 
  custom:video-decoder-webm-vp8: 9c59270c3fd7afecdb556c50c9e8de78 -> 
  custom:audio-decoder-ogg-vorbis: bf7c407c2cedff20999df2af8eb42d56 -> 
========================================================================
Received Prepare
Registering precompiled user dll's ...
Registered in 0.004975 seconds.
Begin MonoManager ReloadAssembly
Native extension for WindowsStandalone target not found
Native extension for WebGL target not found
Refreshing native plugins compatible for Editor in 0.64 ms, found 4 plugins.
Preloading 0 native plugins for Editor in 0.00 ms.
Mono: successfully reloaded assembly
- Completed reload, in  1.062 seconds
Domain Reload Profiling:
	ReloadAssembly (1063ms)
		BeginReloadAssembly (168ms)
			ExecutionOrderSort (0ms)
			DisableScriptedObjects (10ms)
			BackupInstance (0ms)
			ReleaseScriptingObjects (0ms)
			CreateAndSetChildDomain (48ms)
		EndReloadAssembly (801ms)
			LoadAssemblies (114ms)
			RebuildTransferFunctionScriptingTraits (0ms)
			SetupTypeCache (259ms)
			ReleaseScriptCaches (1ms)
			RebuildScriptCaches (50ms)
			SetupLoadedEditorAssemblies (353ms)
				LogAssemblyErrors (0ms)
				InitializePlatformSupportModulesInManaged (5ms)
				SetLoadedEditorAssemblies (0ms)
				RefreshPlugins (1ms)
				BeforeProcessingInitializeOnLoad (79ms)
				ProcessInitializeOnLoadAttributes (225ms)
				ProcessInitializeOnLoadMethodAttributes (39ms)
				AfterProcessingInitializeOnLoad (3ms)
				EditorAssembliesLoaded (0ms)
			ExecutionOrderSort2 (0ms)
			AwakeInstancesAfterBackupRestoration (12ms)
Platform modules already initialized, skipping
Refreshing native plugins compatible for Editor in 1.70 ms, found 4 plugins.
Preloading 0 native plugins for Editor in 0.00 ms.
Unloading 3728 Unused Serialized files (Serialized files now loaded: 0)
Unloading 23 unused Assets / (24.6 KB). Loaded Objects now: 4210.
Memory consumption went from 141.7 MB to 141.6 MB.
Total: 2.668400 ms (FindLiveObjects: 0.257800 ms CreateObjectMapping: 0.192300 ms MarkObjects: 2.191800 ms  DeleteObjects: 0.025800 ms)

AssetImportParameters requested are different than current active one (requested -> active):
  custom:video-decoder-ogg-theora: a1e56fd34408186e4bbccfd4996cb3dc -> 
  custom:container-muxer-webm: aa71ff27fc2769a1b78a27578f13a17b -> 
  custom:container-demuxer-webm: 4f35f7cbe854078d1ac9338744f61a02 -> 
  custom:video-encoder-webm-vp8: eb34c28f22e8b96e1ab97ce403110664 -> 
  custom:audio-encoder-webm-vorbis: bf7c407c2cedff20999df2af8eb42d56 -> 
  custom:framework-win-MediaFoundation: 216162199b28c13a410421893ffa2e32 -> 
  custom:container-demuxer-ogg: 62fdf1f143b41e24485cea50d1cbac27 -> 
  custom:video-decoder-webm-vp8: 9c59270c3fd7afecdb556c50c9e8de78 -> 
  custom:audio-decoder-ogg-vorbis: bf7c407c2cedff20999df2af8eb42d56 -> 
========================================================================
Received Prepare
Registering precompiled user dll's ...
Registered in 0.004876 seconds.
Begin MonoManager ReloadAssembly
Native extension for WindowsStandalone target not found
Native extension for WebGL target not found
Refreshing native plugins compatible for Editor in 0.98 ms, found 4 plugins.
Preloading 0 native plugins for Editor in 0.00 ms.
Mono: successfully reloaded assembly
- Completed reload, in  1.011 seconds
Domain Reload Profiling:
	ReloadAssembly (1014ms)
		BeginReloadAssembly (159ms)
			ExecutionOrderSort (0ms)
			DisableScriptedObjects (10ms)
			BackupInstance (0ms)
			ReleaseScriptingObjects (0ms)
			CreateAndSetChildDomain (44ms)
		EndReloadAssembly (766ms)
			LoadAssemblies (104ms)
			RebuildTransferFunctionScriptingTraits (0ms)
			SetupTypeCache (252ms)
			ReleaseScriptCaches (1ms)
			RebuildScriptCaches (45ms)
			SetupLoadedEditorAssemblies (340ms)
				LogAssemblyErrors (0ms)
				InitializePlatformSupportModulesInManaged (7ms)
				SetLoadedEditorAssemblies (1ms)
				RefreshPlugins (1ms)
				BeforeProcessingInitializeOnLoad (77ms)
				ProcessInitializeOnLoadAttributes (218ms)
				ProcessInitializeOnLoadMethodAttributes (34ms)
				AfterProcessingInitializeOnLoad (2ms)
				EditorAssembliesLoaded (0ms)
			ExecutionOrderSort2 (0ms)
			AwakeInstancesAfterBackupRestoration (10ms)
Platform modules already initialized, skipping
Refreshing native plugins compatible for Editor in 1.78 ms, found 4 plugins.
Preloading 0 native plugins for Editor in 0.00 ms.
Unloading 3728 Unused Serialized files (Serialized files now loaded: 0)
Unloading 23 unused Assets / (24.7 KB). Loaded Objects now: 4213.
Memory consumption went from 141.7 MB to 141.6 MB.
Total: 3.388200 ms (FindLiveObjects: 0.249500 ms CreateObjectMapping: 0.175700 ms MarkObjects: 2.936200 ms  DeleteObjects: 0.026000 ms)

AssetImportParameters requested are different than current active one (requested -> active):
  custom:video-decoder-ogg-theora: a1e56fd34408186e4bbccfd4996cb3dc -> 
  custom:container-muxer-webm: aa71ff27fc2769a1b78a27578f13a17b -> 
  custom:container-demuxer-webm: 4f35f7cbe854078d1ac9338744f61a02 -> 
  custom:video-encoder-webm-vp8: eb34c28f22e8b96e1ab97ce403110664 -> 
  custom:audio-encoder-webm-vorbis: bf7c407c2cedff20999df2af8eb42d56 -> 
  custom:framework-win-MediaFoundation: 216162199b28c13a410421893ffa2e32 -> 
  custom:container-demuxer-ogg: 62fdf1f143b41e24485cea50d1cbac27 -> 
  custom:video-decoder-webm-vp8: 9c59270c3fd7afecdb556c50c9e8de78 -> 
  custom:audio-decoder-ogg-vorbis: bf7c407c2cedff20999df2af8eb42d56 -> 
========================================================================
Received Import Request.
  Time since last request: 1700.795222 seconds.
  path: Assets/DataBaseScripts/GetCharacter.cs
  artifactKey: Guid(4c69a1371b83c4449b32c4dae359148e) Importer(815301076,1909f56bfc062723c751e8b465ee728b)
Start importing Assets/DataBaseScripts/GetCharacter.cs using Guid(4c69a1371b83c4449b32c4dae359148e) Importer(815301076,1909f56bfc062723c751e8b465ee728b)  -> (artifact id: '408e400db7f4f836cfc1000d794d367c') in 0.012194 seconds 
========================================================================
Received Import Request.
  Time since last request: 1.157189 seconds.
  path: Assets/DataBaseScripts/GetCharacter1.cs
  artifactKey: Guid(00bd3f0cde27d7b42a84ca8e4f8b92aa) Importer(815301076,1909f56bfc062723c751e8b465ee728b)
Start importing Assets/DataBaseScripts/GetCharacter1.cs using Guid(00bd3f0cde27d7b42a84ca8e4f8b92aa) Importer(815301076,1909f56bfc062723c751e8b465ee728b)  -> (artifact id: '2f2df5c0750fbe070a60b40108650607') in 0.006131 seconds 
========================================================================
Received Import Request.
  Time since last request: 26.065340 seconds.
  path: Assets/DataBaseScripts/Get.cs
  artifactKey: Guid(00bd3f0cde27d7b42a84ca8e4f8b92aa) Importer(815301076,1909f56bfc062723c751e8b465ee728b)
Start importing Assets/DataBaseScripts/Get.cs using Guid(00bd3f0cde27d7b42a84ca8e4f8b92aa) Importer(815301076,1909f56bfc062723c751e8b465ee728b)  -> (artifact id: 'c38b21868645d0b4f604e787e1b1ad6c') in 0.006705 seconds 
========================================================================
Received Import Request.
  Time since last request: 17.480110 seconds.
  path: Assets/DataBaseScripts/GetMonster.cs
  artifactKey: Guid(00bd3f0cde27d7b42a84ca8e4f8b92aa) Importer(815301076,1909f56bfc062723c751e8b465ee728b)
Start importing Assets/DataBaseScripts/GetMonster.cs using Guid(00bd3f0cde27d7b42a84ca8e4f8b92aa) Importer(815301076,1909f56bfc062723c751e8b465ee728b)  -> (artifact id: 'cfc7dac63349633ada7f740d180a17ef') in 0.005390 seconds 
========================================================================
Received Import Request.
  Time since last request: 302.402916 seconds.
  path: Assets/DataBaseScripts/GetMonster.cs
  artifactKey: Guid(00bd3f0cde27d7b42a84ca8e4f8b92aa) Importer(815301076,1909f56bfc062723c751e8b465ee728b)
Start importing Assets/DataBaseScripts/GetMonster.cs using Guid(00bd3f0cde27d7b42a84ca8e4f8b92aa) Importer(815301076,1909f56bfc062723c751e8b465ee728b)  -> (artifact id: 'cd580005c56930d1adebd3782db355f0') in 0.002477 seconds 
========================================================================
Received Import Request.
  Time since last request: 0.542129 seconds.
  path: Assets/DataBaseScripts/InsertName.cs
  artifactKey: Guid(e9c8dea8eccbb2942a381f9cbe4b4b57) Importer(815301076,1909f56bfc062723c751e8b465ee728b)
Start importing Assets/DataBaseScripts/InsertName.cs using Guid(e9c8dea8eccbb2942a381f9cbe4b4b57) Importer(815301076,1909f56bfc062723c751e8b465ee728b)  -> (artifact id: '74742f36a7687759793a646c126dcd18') in 0.005807 seconds 
========================================================================
Received Import Request.
  Time since last request: 0.549218 seconds.
  path: Assets/DataBaseScripts/MySql.Data.DLL
  artifactKey: Guid(5b94e247730749a4a9c9440c93568c17) Importer(815301076,1909f56bfc062723c751e8b465ee728b)
Start importing Assets/DataBaseScripts/MySql.Data.DLL using Guid(5b94e247730749a4a9c9440c93568c17) Importer(815301076,1909f56bfc062723c751e8b465ee728b)  -> (artifact id: '499f9e46e2dcfb367a490fc2b4b4364a') in 0.008187 seconds 
========================================================================
Received Prepare
Registering precompiled user dll's ...
Registered in 0.006011 seconds.
Begin MonoManager ReloadAssembly
Native extension for WindowsStandalone target not found
Native extension for WebGL target not found
Refreshing native plugins compatible for Editor in 0.63 ms, found 4 plugins.
Preloading 0 native plugins for Editor in 0.00 ms.
Mono: successfully reloaded assembly
- Completed reload, in  1.012 seconds
Domain Reload Profiling:
	ReloadAssembly (1013ms)
		BeginReloadAssembly (165ms)
			ExecutionOrderSort (0ms)
			DisableScriptedObjects (12ms)
			BackupInstance (0ms)
			ReleaseScriptingObjects (0ms)
			CreateAndSetChildDomain (40ms)
		EndReloadAssembly (738ms)
			LoadAssemblies (116ms)
			RebuildTransferFunctionScriptingTraits (0ms)
			SetupTypeCache (237ms)
			ReleaseScriptCaches (1ms)
			RebuildScriptCaches (56ms)
			SetupLoadedEditorAssemblies (312ms)
				LogAssemblyErrors (0ms)
				InitializePlatformSupportModulesInManaged (5ms)
				SetLoadedEditorAssemblies (0ms)
				RefreshPlugins (1ms)
				BeforeProcessingInitializeOnLoad (71ms)
				ProcessInitializeOnLoadAttributes (200ms)
				ProcessInitializeOnLoadMethodAttributes (33ms)
				AfterProcessingInitializeOnLoad (2ms)
				EditorAssembliesLoaded (0ms)
			ExecutionOrderSort2 (0ms)
			AwakeInstancesAfterBackupRestoration (10ms)
Platform modules already initialized, skipping
Refreshing native plugins compatible for Editor in 1.75 ms, found 4 plugins.
Preloading 0 native plugins for Editor in 0.00 ms.
Unloading 3729 Unused Serialized files (Serialized files now loaded: 0)
Unloading 23 unused Assets / (24.7 KB). Loaded Objects now: 4217.
Memory consumption went from 141.7 MB to 141.7 MB.
Total: 3.140600 ms (FindLiveObjects: 0.267900 ms CreateObjectMapping: 0.187900 ms MarkObjects: 2.642400 ms  DeleteObjects: 0.041600 ms)

AssetImportParameters requested are different than current active one (requested -> active):
  custom:video-decoder-ogg-theora: a1e56fd34408186e4bbccfd4996cb3dc -> 
  custom:container-muxer-webm: aa71ff27fc2769a1b78a27578f13a17b -> 
  custom:container-demuxer-webm: 4f35f7cbe854078d1ac9338744f61a02 -> 
  custom:video-encoder-webm-vp8: eb34c28f22e8b96e1ab97ce403110664 -> 
  custom:audio-encoder-webm-vorbis: bf7c407c2cedff20999df2af8eb42d56 -> 
  custom:framework-win-MediaFoundation: 216162199b28c13a410421893ffa2e32 -> 
  custom:container-demuxer-ogg: 62fdf1f143b41e24485cea50d1cbac27 -> 
  custom:video-decoder-webm-vp8: 9c59270c3fd7afecdb556c50c9e8de78 -> 
  custom:audio-decoder-ogg-vorbis: bf7c407c2cedff20999df2af8eb42d56 -> 
========================================================================
Received Import Request.
  Time since last request: 101.799107 seconds.
  path: Assets/DataBaseScripts/GetMonster.cs
  artifactKey: Guid(00bd3f0cde27d7b42a84ca8e4f8b92aa) Importer(815301076,1909f56bfc062723c751e8b465ee728b)
Start importing Assets/DataBaseScripts/GetMonster.cs using Guid(00bd3f0cde27d7b42a84ca8e4f8b92aa) Importer(815301076,1909f56bfc062723c751e8b465ee728b)  -> (artifact id: '32f0d167f29e9cbd2fefe8fa1116a9b7') in 0.006854 seconds 
========================================================================
Received Import Request.
  Time since last request: 1.267498 seconds.
  path: Assets/DataBaseScripts/GetMonster1.cs
  artifactKey: Guid(9571616c70cdc664dbf04073dcc4c793) Importer(815301076,1909f56bfc062723c751e8b465ee728b)
Start importing Assets/DataBaseScripts/GetMonster1.cs using Guid(9571616c70cdc664dbf04073dcc4c793) Importer(815301076,1909f56bfc062723c751e8b465ee728b)  -> (artifact id: '8c57c89df903193fa23019cbf1056ad9') in 0.005700 seconds 
========================================================================
Received Import Request.
  Time since last request: 34.868710 seconds.
  path: Assets/DataBaseScripts/GetPlayer.cs
  artifactKey: Guid(9571616c70cdc664dbf04073dcc4c793) Importer(815301076,1909f56bfc062723c751e8b465ee728b)
Start importing Assets/DataBaseScripts/GetPlayer.cs using Guid(9571616c70cdc664dbf04073dcc4c793) Importer(815301076,1909f56bfc062723c751e8b465ee728b)  -> (artifact id: 'a63bbc2c93026baa3a7668f43e11b21e') in 0.005922 seconds 
========================================================================
Received Import Request.
  Time since last request: 250.599616 seconds.
  path: Assets/DataBaseScripts/GetPlayer.cs
  artifactKey: Guid(9571616c70cdc664dbf04073dcc4c793) Importer(815301076,1909f56bfc062723c751e8b465ee728b)
Start importing Assets/DataBaseScripts/GetPlayer.cs using Guid(9571616c70cdc664dbf04073dcc4c793) Importer(815301076,1909f56bfc062723c751e8b465ee728b)  -> (artifact id: '50dd939b701d5e0759d45da32ddcef90') in 0.001857 seconds 
========================================================================
Received Prepare
Registering precompiled user dll's ...
Registered in 0.004496 seconds.
Begin MonoManager ReloadAssembly
Native extension for WindowsStandalone target not found
Native extension for WebGL target not found
Refreshing native plugins compatible for Editor in 0.60 ms, found 4 plugins.
Preloading 0 native plugins for Editor in 0.00 ms.
Mono: successfully reloaded assembly
- Completed reload, in  1.088 seconds
Domain Reload Profiling:
	ReloadAssembly (1089ms)
		BeginReloadAssembly (140ms)
			ExecutionOrderSort (0ms)
			DisableScriptedObjects (11ms)
			BackupInstance (0ms)
			ReleaseScriptingObjects (0ms)
			CreateAndSetChildDomain (34ms)
		EndReloadAssembly (843ms)
			LoadAssemblies (106ms)
			RebuildTransferFunctionScriptingTraits (0ms)
			SetupTypeCache (304ms)
			ReleaseScriptCaches (2ms)
			RebuildScriptCaches (64ms)
			SetupLoadedEditorAssemblies (320ms)
				LogAssemblyErrors (0ms)
				InitializePlatformSupportModulesInManaged (5ms)
				SetLoadedEditorAssemblies (0ms)
				RefreshPlugins (1ms)
				BeforeProcessingInitializeOnLoad (62ms)
				ProcessInitializeOnLoadAttributes (216ms)
				ProcessInitializeOnLoadMethodAttributes (33ms)
				AfterProcessingInitializeOnLoad (2ms)
				EditorAssembliesLoaded (0ms)
			ExecutionOrderSort2 (0ms)
			AwakeInstancesAfterBackupRestoration (12ms)
Platform modules already initialized, skipping
Refreshing native plugins compatible for Editor in 2.71 ms, found 4 plugins.
Preloading 0 native plugins for Editor in 0.00 ms.
Unloading 3730 Unused Serialized files (Serialized files now loaded: 0)
Unloading 23 unused Assets / (24.6 KB). Loaded Objects now: 4221.
Memory consumption went from 141.8 MB to 141.7 MB.
Total: 2.786900 ms (FindLiveObjects: 0.266500 ms CreateObjectMapping: 0.194500 ms MarkObjects: 2.298400 ms  DeleteObjects: 0.026700 ms)

AssetImportParameters requested are different than current active one (requested -> active):
  custom:video-decoder-ogg-theora: a1e56fd34408186e4bbccfd4996cb3dc -> 
  custom:container-muxer-webm: aa71ff27fc2769a1b78a27578f13a17b -> 
  custom:container-demuxer-webm: 4f35f7cbe854078d1ac9338744f61a02 -> 
  custom:video-encoder-webm-vp8: eb34c28f22e8b96e1ab97ce403110664 -> 
  custom:audio-encoder-webm-vorbis: bf7c407c2cedff20999df2af8eb42d56 -> 
  custom:framework-win-MediaFoundation: 216162199b28c13a410421893ffa2e32 -> 
  custom:container-demuxer-ogg: 62fdf1f143b41e24485cea50d1cbac27 -> 
  custom:video-decoder-webm-vp8: 9c59270c3fd7afecdb556c50c9e8de78 -> 
  custom:audio-decoder-ogg-vorbis: bf7c407c2cedff20999df2af8eb42d56 -> 
========================================================================
Received Import Request.
  Time since last request: 43.561472 seconds.
  path: Assets/DataBaseScripts/GetPlayer.cs
  artifactKey: Guid(9571616c70cdc664dbf04073dcc4c793) Importer(815301076,1909f56bfc062723c751e8b465ee728b)
Start importing Assets/DataBaseScripts/GetPlayer.cs using Guid(9571616c70cdc664dbf04073dcc4c793) Importer(815301076,1909f56bfc062723c751e8b465ee728b)  -> (artifact id: '5d738422ccb79b00caf8fb1ca80753d9') in 0.005963 seconds 
========================================================================
Received Import Request.
  Time since last request: 1.837656 seconds.
  path: Assets/DataBaseScripts/GetPlayer1.cs
  artifactKey: Guid(24ac17e8e56809d4eb9bcd88f27aff82) Importer(815301076,1909f56bfc062723c751e8b465ee728b)
Start importing Assets/DataBaseScripts/GetPlayer1.cs using Guid(24ac17e8e56809d4eb9bcd88f27aff82) Importer(815301076,1909f56bfc062723c751e8b465ee728b)  -> (artifact id: '8467d560afa75ee98931dd380971993a') in 0.005786 seconds 
========================================================================
Received Import Request.
  Time since last request: 32.620252 seconds.
  path: Assets/DataBaseScripts/Get.cs
  artifactKey: Guid(24ac17e8e56809d4eb9bcd88f27aff82) Importer(815301076,1909f56bfc062723c751e8b465ee728b)
Start importing Assets/DataBaseScripts/Get.cs using Guid(24ac17e8e56809d4eb9bcd88f27aff82) Importer(815301076,1909f56bfc062723c751e8b465ee728b)  -> (artifact id: '675e118d3eba84ef331511787b40fec3') in 0.001694 seconds 
========================================================================
Received Import Request.
  Time since last request: 9.707430 seconds.
  path: Assets/DataBaseScripts/GetUniqueSkills.cs
  artifactKey: Guid(24ac17e8e56809d4eb9bcd88f27aff82) Importer(815301076,1909f56bfc062723c751e8b465ee728b)
Start importing Assets/DataBaseScripts/GetUniqueSkills.cs using Guid(24ac17e8e56809d4eb9bcd88f27aff82) Importer(815301076,1909f56bfc062723c751e8b465ee728b)  -> (artifact id: 'b48930dc60f203afb3dd57aee40d0bac') in 0.005788 seconds 
========================================================================
Received Prepare
Registering precompiled user dll's ...
Registered in 0.007257 seconds.
Begin MonoManager ReloadAssembly
Native extension for WindowsStandalone target not found
Native extension for WebGL target not found
Refreshing native plugins compatible for Editor in 1.00 ms, found 4 plugins.
Preloading 0 native plugins for Editor in 0.00 ms.
Mono: successfully reloaded assembly
- Completed reload, in  1.090 seconds
Domain Reload Profiling:
	ReloadAssembly (1091ms)
		BeginReloadAssembly (166ms)
			ExecutionOrderSort (0ms)
			DisableScriptedObjects (14ms)
			BackupInstance (0ms)
			ReleaseScriptingObjects (0ms)
			CreateAndSetChildDomain (45ms)
		EndReloadAssembly (807ms)
			LoadAssemblies (107ms)
			RebuildTransferFunctionScriptingTraits (0ms)
			SetupTypeCache (291ms)
			ReleaseScriptCaches (2ms)
			RebuildScriptCaches (47ms)
			SetupLoadedEditorAssemblies (332ms)
				LogAssemblyErrors (0ms)
				InitializePlatformSupportModulesInManaged (5ms)
				SetLoadedEditorAssemblies (1ms)
				RefreshPlugins (1ms)
				BeforeProcessingInitializeOnLoad (67ms)
				ProcessInitializeOnLoadAttributes (220ms)
				ProcessInitializeOnLoadMethodAttributes (35ms)
				AfterProcessingInitializeOnLoad (3ms)
				EditorAssembliesLoaded (0ms)
			ExecutionOrderSort2 (0ms)
			AwakeInstancesAfterBackupRestoration (11ms)
Platform modules already initialized, skipping
Refreshing native plugins compatible for Editor in 1.96 ms, found 4 plugins.
Preloading 0 native plugins for Editor in 0.00 ms.
Unloading 3731 Unused Serialized files (Serialized files now loaded: 0)
Unloading 23 unused Assets / (24.6 KB). Loaded Objects now: 4225.
Memory consumption went from 141.8 MB to 141.8 MB.
Total: 4.155100 ms (FindLiveObjects: 0.278200 ms CreateObjectMapping: 0.236700 ms MarkObjects: 3.609000 ms  DeleteObjects: 0.030300 ms)

AssetImportParameters requested are different than current active one (requested -> active):
  custom:video-decoder-ogg-theora: a1e56fd34408186e4bbccfd4996cb3dc -> 
  custom:container-muxer-webm: aa71ff27fc2769a1b78a27578f13a17b -> 
  custom:container-demuxer-webm: 4f35f7cbe854078d1ac9338744f61a02 -> 
  custom:video-encoder-webm-vp8: eb34c28f22e8b96e1ab97ce403110664 -> 
  custom:audio-encoder-webm-vorbis: bf7c407c2cedff20999df2af8eb42d56 -> 
  custom:framework-win-MediaFoundation: 216162199b28c13a410421893ffa2e32 -> 
  custom:container-demuxer-ogg: 62fdf1f143b41e24485cea50d1cbac27 -> 
  custom:video-decoder-webm-vp8: 9c59270c3fd7afecdb556c50c9e8de78 -> 
  custom:audio-decoder-ogg-vorbis: bf7c407c2cedff20999df2af8eb42d56 -> 
